<?xml version="1.0" encoding="UTF-8"?>
<testng-results ignored="0" total="3" passed="3" failed="0" skipped="0">
  <reporter-output>
  </reporter-output>
  <suite started-at="2023-07-18T18:43:04 IST" name="Suite" finished-at="2023-07-18T18:43:39 IST" duration-ms="34969">
    <groups>
    </groups>
    <test started-at="2023-07-18T18:43:04 IST" name="Test" finished-at="2023-07-18T18:43:39 IST" duration-ms="34969">
      <class name="demo.Ajio">
        <test-method signature="openAjio()[pri:0, instance:demo.Ajio@18078bef]" started-at="2023-07-18T18:43:04 IST" name="openAjio" finished-at="2023-07-18T18:43:15 IST" duration-ms="11651" status="PASS">
          <reporter-output>
          </reporter-output>
        </test-method> <!-- openAjio -->
      </class> <!-- demo.Ajio -->
      <class name="demo.Amazon">
        <test-method signature="openAmazon()[pri:0, instance:demo.Amazon@2a4fb17b]" started-at="2023-07-18T18:43:27 IST" name="openAmazon" finished-at="2023-07-18T18:43:39 IST" duration-ms="11937" status="PASS">
          <reporter-output>
          </reporter-output>
        </test-method> <!-- openAmazon -->
      </class> <!-- demo.Amazon -->
      <class name="demo.Flipcart">
        <test-method signature="openFlipcart()[pri:0, instance:demo.Flipcart@34a3d150]" started-at="2023-07-18T18:43:15 IST" name="openFlipcart" finished-at="2023-07-18T18:43:27 IST" duration-ms="11263" status="PASS">
          <reporter-output>
          </reporter-output>
        </test-method> <!-- openFlipcart -->
      </class> <!-- demo.Flipcart -->
    </test> <!-- Test -->
  </suite> <!-- Suite -->
</testng-results>
